INFO [2020-11-18 11:52:09] $x
INFO [2020-11-18 11:52:09] list(`Exact test` = listDEG_pairwiseExact_mcav, `GLM\n treatment` = listDEG_GLM1_mcav, 
INFO [2020-11-18 11:52:09]     `GLM\n treatment + project` = listDEG_GLM2_mcav, `GLM\n treatment - project` = listDEG_GLM2_noproj_mcav, 
INFO [2020-11-18 11:52:09]     voom = listDEG_voom_mcav)
INFO [2020-11-18 11:52:09] 
INFO [2020-11-18 11:52:09] $fill
INFO [2020-11-18 11:52:09] brewer.pal(5, "Set3")
INFO [2020-11-18 11:52:09] 
INFO [2020-11-18 11:52:09] $cat.col
INFO [2020-11-18 11:52:09] c("darkgreen", "black", "darkblue", "darkred", "orange")
INFO [2020-11-18 11:52:09] 
INFO [2020-11-18 11:52:09] $cat.cex
INFO [2020-11-18 11:52:09] [1] 1.5
INFO [2020-11-18 11:52:09] 
INFO [2020-11-18 11:52:09] $fontface
INFO [2020-11-18 11:52:09] [1] "bold"
INFO [2020-11-18 11:52:09] 
INFO [2020-11-18 11:52:09] $filename
INFO [2020-11-18 11:52:09] [1] "venn_DEG_mcav2.tiff"
INFO [2020-11-18 11:52:09] 
