Threads = 2
Vertex length = 31
Hash functions = 5
Filter size = 1073741824
Capacity = 2
Files: 
/scratch/projects/transcriptomics/mikeconnelly/projects/sctld_jamboree/rnaseq/data/refs/Pstrigosa_salmon_index/ref_k31_fixed.fa
--------------------------------------------------------------------------------
Round 0, 0:1073741824
Pass	Filling	Filtering
1	16	41	
2	3	1
True junctions count = 415844
False junctions count = 653220
Hash table size = 1069064
Candidate marks count = 3190804
--------------------------------------------------------------------------------
Reallocating bifurcations time: 0
True marks count: 1985800
Edges construction time: 4
--------------------------------------------------------------------------------
Distinct junctions = 415844

for info, total work write each  : 2.331    total work inram from level 3 : 4.322  total work raw : 25.000 
Bitarray       301758016  bits (100.00 %)   (array + ranks )
final hash             0  bits (0.00 %) (nb in final hash 0)
