Current settings:
core file size          (blocks, -c) unlimited
data seg size           (kbytes, -d) unlimited
scheduling priority             (-e) 0
file size               (blocks, -f) unlimited
pending signals                 (-i) 516112
max locked memory       (kbytes, -l) unlimited
max memory size         (kbytes, -m) unlimited
open files                      (-n) 10240
pipe size            (512 bytes, -p) 8
POSIX message queues     (bytes, -q) 819200
real-time priority              (-r) 0
stack size              (kbytes, -s) unlimited
cpu time               (seconds, -t) unlimited
max user processes              (-u) 516112
virtual memory          (kbytes, -v) unlimited
file locks                      (-x) unlimited


which: no bowtie in (/share/lsf/9.1/linux2.6-glibc2.3-x86_64/bin:/share/opt/java/jdk1.7.0_71/bin:/share/apps/trinityrnaseq/r20140717:/share/lsf/9.1/linux2.6-glibc2.3-x86_64/etc:/share/opt/java/jdk1.8.0_60/bin:/share/apps/samtools/1.3/bin:/share/apps/blast+/2.2.29/bin:/share/apps/git/2.16.2/bin:/share/opt/python/2.7.3/bin:/share/opt/perl/5.18.1/bin:/usr/lib64/qt-3.3/bin:/usr/lpp/mmfs/bin:/usr/local/bin:/bin:/usr/bin:/usr/local/sbin:/usr/sbin:/sbin:/opt/ibutils/bin:/share/sys65/usr/bin:/share/sys65/usr/sbin:/share/sys65/root/bin:/share/sys65/root/sbin:/nethome/m.connelly/bin:/usr/lpp/mmfs/bin)
which: no bowtie-build in (/share/lsf/9.1/linux2.6-glibc2.3-x86_64/bin:/share/opt/java/jdk1.7.0_71/bin:/share/apps/trinityrnaseq/r20140717:/share/lsf/9.1/linux2.6-glibc2.3-x86_64/etc:/share/opt/java/jdk1.8.0_60/bin:/share/apps/samtools/1.3/bin:/share/apps/blast+/2.2.29/bin:/share/apps/git/2.16.2/bin:/share/opt/python/2.7.3/bin:/share/opt/perl/5.18.1/bin:/usr/lib64/qt-3.3/bin:/usr/lpp/mmfs/bin:/usr/local/bin:/bin:/usr/bin:/usr/local/sbin:/usr/sbin:/sbin:/opt/ibutils/bin:/share/sys65/usr/bin:/share/sys65/usr/sbin:/share/sys65/root/bin:/share/sys65/root/sbin:/nethome/m.connelly/bin:/usr/lpp/mmfs/bin)
Error, cannot find path to bowtie () or bowtie-build (), which is now needed as part of Chrysalis' read scaffolding step.  If you should choose to not run bowtie, include the --no_bowtie in your Trinity command.

