Current settings:
core file size          (blocks, -c) unlimited
data seg size           (kbytes, -d) unlimited
scheduling priority             (-e) 0
file size               (blocks, -f) unlimited
pending signals                 (-i) 2067471
max locked memory       (kbytes, -l) unlimited
max memory size         (kbytes, -m) unlimited
open files                      (-n) 10240
pipe size            (512 bytes, -p) 8
POSIX message queues     (bytes, -q) 819200
real-time priority              (-r) 0
stack size              (kbytes, -s) unlimited
cpu time               (seconds, -t) unlimited
max user processes              (-u) 2067471
virtual memory          (kbytes, -v) unlimited
file locks                      (-x) unlimited


Paired mode requires bowtie. Found bowtie at: /share/apps/bowtie/0.12.9/bowtie

 and bowtie-build at /share/apps/bowtie/0.12.9/bowtie-build


-since butterfly will eventually be run, lets test for proper execution of java
Found samtools at: /share/apps/samtools/1.3/bin/samtools

#######################################
Running Java Tests
Thursday, November 5, 2020: 12:00:31	CMD: java -Xmx64m -jar /share/apps/trinityrnaseq/r20140717/util/support_scripts/ExitTester.jar 0
Picked up _JAVA_OPTIONS: -Xmx512m
CMD finished (0 seconds)
Thursday, November 5, 2020: 12:00:31	CMD: java -Xmx64m -jar /share/apps/trinityrnaseq/r20140717/util/support_scripts/ExitTester.jar 1
Picked up _JAVA_OPTIONS: -Xmx512m
-we properly captured the java failure status, as needed.  Looking good.
Java tests succeeded.
###################################

---------------------------------------------------------------
------------ In silico Read Normalization ---------------------
-- (Removing Excess Reads Beyond 50 Coverage --
-- /scratch/projects/transcriptomics/mikeconnelly/projects/sctld_jamboree/rnaseq/outputs/trinity_assembly_out/insilico_read_normalization --
---------------------------------------------------------------

Thursday, November 5, 2020: 12:00:31	CMD: /share/apps/trinityrnaseq/r20140717/util/insilico_read_normalization.pl --seqType fq --JM 100G  --max_cov 50 --CPU 6 --output /scratch/projects/transcriptomics/mikeconnelly/projects/sctld_jamboree/rnaseq/outputs/trinity_assembly_out/insilico_read_normalization --SS_lib_type RF  --left /scratch/projects/transcriptomics/mikeconnelly/projects/sctld_jamboree/rnaseq/outputs/trimmomaticreads/K1_2_trimmed_paired.fastq.gz,/scratch/projects/transcriptomics/mikeconnelly/projects/sctld_jamboree/rnaseq/outputs/trimmomaticreads/K2_2_trimmed_paired.fastq.gz --right /scratch/projects/transcriptomics/mikeconnelly/projects/sctld_jamboree/rnaseq/outputs/trimmomaticreads/K1_1_trimmed_paired.fastq.gz,/scratch/projects/transcriptomics/mikeconnelly/projects/sctld_jamboree/rnaseq/outputs/trimmomaticreads/K2_2_trimmed_paired.fastq.gz --pairs_together --PARALLEL_STATS  
Converting input files. (both directions in parallel)CMD: /share/apps/trinityrnaseq/r20140717/util/..//trinity-plugins/fastool/fastool --rev  --illumina-trinity --to-fasta /scratch/projects/transcriptomics/mikeconnelly/projects/sctld_jamboree/rnaseq/outputs/trimmomaticreads/K1_2_trimmed_paired.fastq.gz >> left.fa
sh: /share/apps/trinityrnaseq/r20140717/util/..//trinity-plugins/fastool/fastool: No such file or directory
CMD: /share/apps/trinityrnaseq/r20140717/util/..//trinity-plugins/fastool/fastool --illumina-trinity --to-fasta /scratch/projects/transcriptomics/mikeconnelly/projects/sctld_jamboree/rnaseq/outputs/trimmomaticreads/K1_1_trimmed_paired.fastq.gz >> right.fa
Thread 1 terminated abnormally: Error, cmd: /share/apps/trinityrnaseq/r20140717/util/..//trinity-plugins/fastool/fastool --rev  --illumina-trinity --to-fasta /scratch/projects/transcriptomics/mikeconnelly/projects/sctld_jamboree/rnaseq/outputs/trimmomaticreads/K1_2_trimmed_paired.fastq.gz >> left.fa died with ret 32512 at /share/apps/trinityrnaseq/r20140717/util/insilico_read_normalization.pl line 719.
sh: /share/apps/trinityrnaseq/r20140717/util/..//trinity-plugins/fastool/fastool: No such file or directory
Thread 2 terminated abnormally: Error, cmd: /share/apps/trinityrnaseq/r20140717/util/..//trinity-plugins/fastool/fastool --illumina-trinity --to-fasta /scratch/projects/transcriptomics/mikeconnelly/projects/sctld_jamboree/rnaseq/outputs/trimmomaticreads/K1_1_trimmed_paired.fastq.gz >> right.fa died with ret 32512 at /share/apps/trinityrnaseq/r20140717/util/insilico_read_normalization.pl line 719.
Error, conversion thread failed at /share/apps/trinityrnaseq/r20140717/util/insilico_read_normalization.pl line 329.
Error, cmd: /share/apps/trinityrnaseq/r20140717/util/insilico_read_normalization.pl --seqType fq --JM 100G  --max_cov 50 --CPU 6 --output /scratch/projects/transcriptomics/mikeconnelly/projects/sctld_jamboree/rnaseq/outputs/trinity_assembly_out/insilico_read_normalization --SS_lib_type RF  --left /scratch/projects/transcriptomics/mikeconnelly/projects/sctld_jamboree/rnaseq/outputs/trimmomaticreads/K1_2_trimmed_paired.fastq.gz,/scratch/projects/transcriptomics/mikeconnelly/projects/sctld_jamboree/rnaseq/outputs/trimmomaticreads/K2_2_trimmed_paired.fastq.gz --right /scratch/projects/transcriptomics/mikeconnelly/projects/sctld_jamboree/rnaseq/outputs/trimmomaticreads/K1_1_trimmed_paired.fastq.gz,/scratch/projects/transcriptomics/mikeconnelly/projects/sctld_jamboree/rnaseq/outputs/trimmomaticreads/K2_2_trimmed_paired.fastq.gz --pairs_together --PARALLEL_STATS   died with ret 6400 at /share/apps/trinityrnaseq/r20140717/Trinity line 1990.
