Current settings:
core file size          (blocks, -c) unlimited
data seg size           (kbytes, -d) unlimited
scheduling priority             (-e) 0
file size               (blocks, -f) unlimited
pending signals                 (-i) 516112
max locked memory       (kbytes, -l) unlimited
max memory size         (kbytes, -m) unlimited
open files                      (-n) 10240
pipe size            (512 bytes, -p) 8
POSIX message queues     (bytes, -q) 819200
real-time priority              (-r) 0
stack size              (kbytes, -s) unlimited
cpu time               (seconds, -t) unlimited
max user processes              (-u) 516112
virtual memory          (kbytes, -v) unlimited
file locks                      (-x) unlimited


Paired mode requires bowtie. Found bowtie at: /share/apps/bowtie/0.12.9/bowtie

 and bowtie-build at /share/apps/bowtie/0.12.9/bowtie-build


-since butterfly will eventually be run, lets test for proper execution of java
Found samtools at: /share/apps/samtools/1.3/bin/samtools

#######################################
Running Java Tests
Wednesday, November 4, 2020: 15:35:24	CMD: java -Xmx64m -jar /share/apps/trinityrnaseq/r20140717/util/support_scripts/ExitTester.jar 0
Picked up _JAVA_OPTIONS: -Xmx512m
CMD finished (1 seconds)
Wednesday, November 4, 2020: 15:35:25	CMD: java -Xmx64m -jar /share/apps/trinityrnaseq/r20140717/util/support_scripts/ExitTester.jar 1
Picked up _JAVA_OPTIONS: -Xmx512m
-we properly captured the java failure status, as needed.  Looking good.
Java tests succeeded.
###################################

Wednesday, November 4, 2020: 15:35:25	CMD: mkdir -p /scratch/projects/transcriptomics/mikeconnelly/projects/sctld_jamboree/outputs/trinity_assembly_out_K7
CMD finished (0 seconds)
Wednesday, November 4, 2020: 15:35:25	CMD: mkdir -p /scratch/projects/transcriptomics/mikeconnelly/projects/sctld_jamboree/outputs/trinity_assembly_out_K7/chrysalis
CMD finished (0 seconds)
Converting input files. (in parallel)Wednesday, November 4, 2020: 15:35:25	CMD: /share/apps/trinityrnaseq/r20140717/trinity-plugins/fastool/fastool --rev  --illumina-trinity --to-fasta /scratch/projects/transcriptomics/mikeconnelly/projects/sctld_jamboree/rnaseq/data/reads/K7_1.fastq >> left.fa 2> /scratch/projects/transcriptomics/mikeconnelly/projects/sctld_jamboree/rnaseq/data/reads/K7_1.fastq.readcount 
Wednesday, November 4, 2020: 15:35:25	CMD: /share/apps/trinityrnaseq/r20140717/trinity-plugins/fastool/fastool --illumina-trinity --to-fasta /scratch/projects/transcriptomics/mikeconnelly/projects/sctld_jamboree/rnaseq/data/reads/K7_2.fastq >> right.fa 2> /scratch/projects/transcriptomics/mikeconnelly/projects/sctld_jamboree/rnaseq/data/reads/K7_2.fastq.readcount 
Thread 1 terminated abnormally: Error, cmd: /share/apps/trinityrnaseq/r20140717/trinity-plugins/fastool/fastool --rev  --illumina-trinity --to-fasta /scratch/projects/transcriptomics/mikeconnelly/projects/sctld_jamboree/rnaseq/data/reads/K7_1.fastq >> left.fa 2> /scratch/projects/transcriptomics/mikeconnelly/projects/sctld_jamboree/rnaseq/data/reads/K7_1.fastq.readcount  died with ret 32512 at /share/apps/trinityrnaseq/r20140717/Trinity line 1990.
Use of uninitialized value in array dereference at /share/apps/trinityrnaseq/r20140717/Trinity line 1171.
Thread 2 terminated abnormally: Error, cmd: /share/apps/trinityrnaseq/r20140717/trinity-plugins/fastool/fastool --illumina-trinity --to-fasta /scratch/projects/transcriptomics/mikeconnelly/projects/sctld_jamboree/rnaseq/data/reads/K7_2.fastq >> right.fa 2> /scratch/projects/transcriptomics/mikeconnelly/projects/sctld_jamboree/rnaseq/data/reads/K7_2.fastq.readcount  died with ret 32512 at /share/apps/trinityrnaseq/r20140717/Trinity line 1990.
Use of uninitialized value in array dereference at /share/apps/trinityrnaseq/r20140717/Trinity line 1172.
Error prepping sequences. at /share/apps/trinityrnaseq/r20140717/Trinity line 1175.
